{"C:\\Users\\igrok\\Documents\\GitHub\\Vue.js\\vue-movie\\src\\components\\atoms\\ChekboxTask.vue": {"path":"C:\\Users\\igrok\\Documents\\GitHub\\Vue.js\\vue-movie\\src\\components\\atoms\\ChekboxTask.vue","statementMap":{"0":{"start":{"line":17,"column":0},"end":{"line":17,"column":null}},"1":{"start":{"line":29,"column":0},"end":{"line":29,"column":null}},"2":{"start":{"line":32,"column":0},"end":{"line":32,"column":null}}},"fnMap":{"0":{"name":"(anonymous_1)","decl":{"start":{"line":28,"column":0},"end":{"line":28,"column":null}},"loc":{"start":{"line":28,"column":0},"end":{"line":30,"column":null}}},"1":{"name":"(anonymous_2)","decl":{"start":{"line":31,"column":0},"end":{"line":31,"column":null}},"loc":{"start":{"line":31,"column":0},"end":{"line":33,"column":null}}}},"branchMap":{},"s":{"0":2,"1":1,"2":1},"f":{"0":1,"1":1},"b":{}}
,"C:\\Users\\igrok\\Documents\\GitHub\\Vue.js\\vue-movie\\src\\components\\molecules\\RadioButton.vue": {"path":"C:\\Users\\igrok\\Documents\\GitHub\\Vue.js\\vue-movie\\src\\components\\molecules\\RadioButton.vue","statementMap":{"0":{"start":{"line":15,"column":0},"end":{"line":15,"column":null}},"1":{"start":{"line":25,"column":0},"end":{"line":25,"column":null}}},"fnMap":{"0":{"name":"(anonymous_1)","decl":{"start":{"line":24,"column":0},"end":{"line":24,"column":null}},"loc":{"start":{"line":24,"column":0},"end":{"line":26,"column":null}}}},"branchMap":{},"s":{"0":3,"1":1},"f":{"0":1},"b":{}}
,"C:\\Users\\igrok\\Documents\\GitHub\\Vue.js\\vue-movie\\src\\components\\molecules\\RadioButtons.vue": {"path":"C:\\Users\\igrok\\Documents\\GitHub\\Vue.js\\vue-movie\\src\\components\\molecules\\RadioButtons.vue","statementMap":{"0":{"start":{"line":15,"column":0},"end":{"line":15,"column":null}},"1":{"start":{"line":17,"column":0},"end":{"line":17,"column":null}}},"fnMap":{},"branchMap":{},"s":{"0":2,"1":2},"f":{},"b":{}}
,"C:\\Users\\igrok\\Documents\\GitHub\\Vue.js\\vue-movie\\src\\components\\organisms\\ChekboxWrapper.vue": {"path":"C:\\Users\\igrok\\Documents\\GitHub\\Vue.js\\vue-movie\\src\\components\\organisms\\ChekboxWrapper.vue","statementMap":{"0":{"start":{"line":23,"column":0},"end":{"line":23,"column":null}},"1":{"start":{"line":24,"column":0},"end":{"line":24,"column":null}},"2":{"start":{"line":31,"column":0},"end":{"line":31,"column":null}},"3":{"start":{"line":40,"column":0},"end":{"line":40,"column":null}},"4":{"start":{"line":41,"column":0},"end":{"line":41,"column":null}}},"fnMap":{"0":{"name":"(anonymous_1)","decl":{"start":{"line":30,"column":0},"end":{"line":30,"column":null}},"loc":{"start":{"line":30,"column":0},"end":{"line":32,"column":null}}},"1":{"name":"(anonymous_2)","decl":{"start":{"line":39,"column":0},"end":{"line":39,"column":null}},"loc":{"start":{"line":39,"column":0},"end":{"line":42,"column":null}}}},"branchMap":{},"s":{"0":1,"1":1,"2":2,"3":0,"4":0},"f":{"0":2,"1":0},"b":{}}
,"C:\\Users\\igrok\\Documents\\GitHub\\Vue.js\\vue-movie\\src\\components\\organisms\\Footer.vue": {"path":"C:\\Users\\igrok\\Documents\\GitHub\\Vue.js\\vue-movie\\src\\components\\organisms\\Footer.vue","statementMap":{"0":{"start":{"line":9,"column":0},"end":{"line":9,"column":null}},"1":{"start":{"line":10,"column":0},"end":{"line":10,"column":null}}},"fnMap":{},"branchMap":{},"s":{"0":1,"1":1},"f":{},"b":{}}
}
