TN:
SF:C:\Users\igrok\Documents\GitHub\Vue.js\vue-movie\src\components\atoms\ChekboxTask.vue
FN:28,(anonymous_1)
FN:31,(anonymous_2)
FNF:2
FNH:2
FNDA:1,(anonymous_1)
FNDA:1,(anonymous_2)
DA:17,2
DA:29,1
DA:32,1
LF:3
LH:3
BRF:0
BRH:0
end_of_record
TN:
SF:C:\Users\igrok\Documents\GitHub\Vue.js\vue-movie\src\components\molecules\RadioButton.vue
FN:24,(anonymous_1)
FNF:1
FNH:1
FNDA:1,(anonymous_1)
DA:15,3
DA:25,1
LF:2
LH:2
BRF:0
BRH:0
end_of_record
TN:
SF:C:\Users\igrok\Documents\GitHub\Vue.js\vue-movie\src\components\molecules\RadioButtons.vue
FNF:0
FNH:0
DA:15,2
DA:17,2
LF:2
LH:2
BRF:0
BRH:0
end_of_record
TN:
SF:C:\Users\igrok\Documents\GitHub\Vue.js\vue-movie\src\components\organisms\ChekboxWrapper.vue
FN:30,(anonymous_1)
FN:39,(anonymous_2)
FNF:2
FNH:1
FNDA:2,(anonymous_1)
FNDA:0,(anonymous_2)
DA:23,1
DA:24,1
DA:31,2
DA:40,0
DA:41,0
LF:5
LH:3
BRF:0
BRH:0
end_of_record
TN:
SF:C:\Users\igrok\Documents\GitHub\Vue.js\vue-movie\src\components\organisms\Footer.vue
FNF:0
FNH:0
DA:9,1
DA:10,1
LF:2
LH:2
BRF:0
BRH:0
end_of_record
